+ analyze_power_grid -net VPWR -voltage_file /work/runs/RUN_2026-05-17_18-18-01/52-openroad-irdropreport/net-VPWR.csv
[INFO PSM-0040] All shapes on net VPWR are connected.
########## IR report #################
Net              : VPWR
Corner           : max_ff_n40C_1v95
Total power      : 5.18e-02 W
Supply voltage   : 1.80e+00 V
Worstcase voltage: 1.80e+00 V
Average voltage  : 1.80e+00 V
Average IR drop  : 3.01e-05 V
Worstcase IR drop: 3.72e-04 V
Percentage drop  : 0.02 %
######################################
+ analyze_power_grid -net VGND -voltage_file /work/runs/RUN_2026-05-17_18-18-01/52-openroad-irdropreport/net-VGND.csv
[INFO PSM-0040] All shapes on net VGND are connected.
########## IR report #################
Net              : VGND
Corner           : max_ff_n40C_1v95
Total power      : 5.18e-02 W
Supply voltage   : 0.00e+00 V
Worstcase voltage: 3.98e-04 V
Average voltage  : 3.00e-05 V
Average IR drop  : 3.00e-05 V
Worstcase IR drop: 3.98e-04 V
Percentage drop  : 0.02 %
######################################
